<?xml version="1.0" encoding="UTF-8"?>
<testng-results ignored="0" total="1" passed="1" failed="0" skipped="0">
  <reporter-output>
  </reporter-output>
  <suite started-at="2025-05-28T17:47:43 IST" name="Default suite" finished-at="2025-05-28T17:48:04 IST" duration-ms="21161">
    <groups>
    </groups>
    <test started-at="2025-05-28T17:47:43 IST" name="Default test" finished-at="2025-05-28T17:48:04 IST" duration-ms="21161">
      <class name="Maven_framework_addtoCart.POM_homePage">
        <test-method signature="addToCartTest()[pri:0, instance:Maven_framework_addtoCart.POM_homePage@192c3f1e]" started-at="2025-05-28T17:47:43 IST" name="addToCartTest" finished-at="2025-05-28T17:48:04 IST" duration-ms="21083" status="PASS">
          <reporter-output>
          </reporter-output>
        </test-method> <!-- addToCartTest -->
      </class> <!-- Maven_framework_addtoCart.POM_homePage -->
    </test> <!-- Default test -->
  </suite> <!-- Default suite -->
</testng-results>
